YES
8000
96 99
96 63
96 56
96 32
96 29
96 11
96 3
96 87
96 53
96 50
96 1
96 93
96 65
96 62
96 21
96 18
96 13
96 83
96 68
96 46
96 34
96 26
96 85
96 17
96 5
96 79
96 73
96 72
96 69
96 45
96 33
96 31
96 30
96 25
96 91
96 64
96 54
96 41
96 81
96 71
96 12
96 24
96 14
96 95
96 66
96 90
96 9
96 7
96 44
96 43
96 20
96 89
96 55
96 35
96 40
96 27
96 42
96 80
96 22
96 67
96 59
96 23
96 98
96 97
96 82
96 75
96 94
96 39
96 78
96 36
96 77
96 92
96 28
96 19
96 8
96 60
96 10
96 52
96 57
96 37
96 48
96 70
96 47
96 49
96 88
96 16
96 15
96 61
96 76
96 6
96 74
96 4
96 51
96 86
96 96
96 2
96 38
96 58
96 100
96 84
87 99
87 63
87 56
87 32
87 29
87 11
87 3
87 87
87 53
87 50
87 1
87 93
87 65
87 62
87 21
87 18
87 13
87 83
87 68
87 46
87 34
87 26
87 85
87 17
87 5
87 79
87 73
87 72
87 69
87 45
87 33
87 31
87 30
87 25
87 91
87 64
87 54
87 41
87 81
87 71
87 12
87 24
87 14
87 95
87 66
87 90
87 9
87 7
87 44
87 43
87 20
87 89
87 55
87 35
87 40
87 27
87 42
87 80
87 22
87 67
87 59
87 23
87 98
87 97
87 82
87 75
87 94
87 39
87 78
87 36
87 77
87 92
87 28
87 19
87 8
87 60
87 10
87 52
87 57
87 37
87 48
87 70
87 47
87 49
87 88
87 16
87 15
87 61
87 76
87 6
87 74
87 4
87 51
87 86
87 96
87 2
87 38
87 58
87 100
87 84
82 99
82 63
82 56
82 32
82 29
82 11
82 3
82 87
82 53
82 50
82 1
82 93
82 65
82 62
82 21
82 18
82 13
82 83
82 68
82 46
82 34
82 26
82 85
82 17
82 5
82 79
82 73
82 72
82 69
82 45
82 33
82 31
82 30
82 25
82 91
82 64
82 54
82 41
82 81
82 71
82 12
82 24
82 14
82 95
82 66
82 90
82 9
82 7
82 44
82 43
82 20
82 89
82 55
82 35
82 40
82 27
82 42
82 80
82 22
82 67
82 59
82 23
82 98
82 97
82 82
82 75
82 94
82 39
82 78
82 36
82 77
82 92
82 28
82 19
82 8
82 60
82 10
82 52
82 57
82 37
82 48
82 70
82 47
82 49
82 88
82 16
82 15
82 61
82 76
82 6
82 74
82 4
82 51
82 86
82 96
82 2
82 38
82 58
82 100
82 84
73 99
73 63
73 56
73 32
73 29
73 11
73 3
73 87
73 53
73 50
73 1
73 93
73 65
73 62
73 21
73 18
73 13
73 83
73 68
73 46
73 34
73 26
73 85
73 17
73 5
73 79
73 73
73 72
73 69
73 45
73 33
73 31
73 30
73 25
73 91
73 64
73 54
73 41
73 81
73 71
73 12
73 24
73 14
73 95
73 66
73 90
73 9
73 7
73 44
73 43
73 20
73 89
73 55
73 35
73 40
73 27
73 42
73 80
73 22
73 67
73 59
73 23
73 98
73 97
73 82
73 75
73 94
73 39
73 78
73 36
73 77
73 92
73 28
73 19
73 8
73 60
73 10
73 52
73 57
73 37
73 48
73 70
73 47
73 49
73 88
73 16
73 15
73 61
73 76
73 6
73 74
73 4
73 51
73 86
73 96
73 2
73 38
73 58
73 100
73 84
42 99
42 63
42 56
42 32
42 29
42 11
42 3
42 87
42 53
42 50
42 1
42 93
42 65
42 62
42 21
42 18
42 13
42 83
42 68
42 46
42 34
42 26
42 85
42 17
42 5
42 79
42 73
42 72
42 69
42 45
42 33
42 31
42 30
42 25
42 91
42 64
42 54
42 41
42 81
42 71
42 12
42 24
42 14
42 95
42 66
42 90
42 9
42 7
42 44
42 43
42 20
42 89
42 55
42 35
42 40
42 27
42 42
42 80
42 22
42 67
42 59
42 23
42 98
42 97
42 82
42 75
42 94
42 39
42 78
42 36
42 77
42 92
42 28
42 19
42 8
42 60
42 10
42 52
42 57
42 37
42 48
42 70
42 47
42 49
42 88
42 16
42 15
42 61
42 76
42 6
42 74
42 4
42 51
42 86
42 96
42 2
42 38
42 58
42 100
42 84
41 99
41 63
41 56
41 32
41 29
41 11
41 3
41 87
41 53
41 50
41 1
41 93
41 65
41 62
41 21
41 18
41 13
41 83
41 68
41 46
41 34
41 26
41 85
41 17
41 5
41 79
41 73
41 72
41 69
41 45
41 33
41 31
41 30
41 25
41 91
41 64
41 54
41 41
41 81
41 71
41 12
41 24
41 14
41 95
41 66
41 90
41 9
41 7
41 44
41 43
41 20
41 89
41 55
41 35
41 40
41 27
41 42
41 80
41 22
41 67
41 59
41 23
41 98
41 97
41 82
41 75
41 94
41 39
41 78
41 36
41 77
41 92
41 28
41 19
41 8
41 60
41 10
41 52
41 57
41 37
41 48
41 70
41 47
41 49
41 88
41 16
41 15
41 61
41 76
41 6
41 74
41 4
41 51
41 86
41 96
41 2
41 38
41 58
41 100
41 84
34 99
34 63
34 56
34 32
34 29
34 11
34 3
34 87
34 53
34 50
34 1
34 93
34 65
34 62
34 21
34 18
34 13
34 83
34 68
34 46
34 34
34 26
34 85
34 17
34 5
34 79
34 73
34 72
34 69
34 45
34 33
34 31
34 30
34 25
34 91
34 64
34 54
34 41
34 81
34 71
34 12
34 24
34 14
34 95
34 66
34 90
34 9
34 7
34 44
34 43
34 20
34 89
34 55
34 35
34 40
34 27
34 42
34 80
34 22
34 67
34 59
34 23
34 98
34 97
34 82
34 75
34 94
34 39
34 78
34 36
34 77
34 92
34 28
34 19
34 8
34 60
34 10
34 52
34 57
34 37
34 48
34 70
34 47
34 49
34 88
34 16
34 15
34 61
34 76
34 6
34 74
34 4
34 51
34 86
34 96
34 2
34 38
34 58
34 100
34 84
1 99
1 63
1 56
1 32
1 29
1 11
1 3
1 87
1 53
1 50
1 1
1 93
1 65
1 62
1 21
1 18
1 13
1 83
1 68
1 46
1 34
1 26
1 85
1 17
1 5
1 79
1 73
1 72
1 69
1 45
1 33
1 31
1 30
1 25
1 91
1 64
1 54
1 41
1 81
1 71
1 12
1 24
1 14
1 95
1 66
1 90
1 9
1 7
1 44
1 43
1 20
1 89
1 55
1 35
1 40
1 27
1 42
1 80
1 22
1 67
1 59
1 23
1 98
1 97
1 82
1 75
1 94
1 39
1 78
1 36
1 77
1 92
1 28
1 19
1 8
1 60
1 10
1 52
1 57
1 37
1 48
1 70
1 47
1 49
1 88
1 16
1 15
1 61
1 76
1 6
1 74
1 4
1 51
1 86
1 96
1 2
1 38
1 58
1 100
1 84
97 99
97 63
97 56
97 32
97 29
97 11
97 3
97 87
97 53
97 50
97 1
97 93
97 65
97 62
97 21
97 18
97 13
97 83
97 68
97 46
97 34
97 26
97 85
97 17
97 5
97 79
97 73
97 72
97 69
97 45
97 33
97 31
97 30
97 25
97 91
97 64
97 54
97 41
97 81
97 71
97 12
97 24
97 14
97 95
97 66
97 90
97 9
97 7
97 44
97 43
97 20
97 89
97 55
97 35
97 40
97 27
97 42
97 80
97 22
97 67
97 59
97 23
97 98
97 97
97 82
97 75
97 94
97 39
97 78
97 36
97 77
97 92
97 28
97 19
97 8
97 60
97 10
97 52
97 57
97 37
97 48
97 70
97 47
97 49
97 88
97 16
97 15
97 61
97 76
97 6
97 74
97 4
97 51
97 86
97 96
97 2
97 38
97 58
97 100
48 99
48 63
48 56
48 32
48 29
48 11
48 3
48 87
48 53
48 50
48 1
48 93
48 65
48 62
48 21
48 18
48 13
48 83
48 68
48 46
48 34
48 26
48 85
48 17
48 5
48 79
48 73
48 72
48 69
48 45
48 33
48 31
48 30
48 25
48 91
48 64
48 54
48 41
48 81
48 71
48 12
48 24
48 14
48 95
48 66
48 90
48 9
48 7
48 44
48 43
48 20
48 89
48 55
48 35
48 40
48 27
48 42
48 80
48 22
48 67
48 59
48 23
48 98
48 97
48 82
48 75
48 94
48 39
48 78
48 36
48 77
48 92
48 28
48 19
48 8
48 60
48 10
48 52
48 57
48 37
48 48
48 70
48 47
48 49
48 88
48 16
48 15
48 61
48 76
48 6
48 74
48 4
48 51
48 86
48 96
48 2
48 38
48 58
48 100
44 99
44 63
44 56
44 32
44 29
44 11
44 3
44 87
44 53
44 50
44 1
44 93
44 65
44 62
44 21
44 18
44 13
44 83
44 68
44 46
44 34
44 26
44 85
44 17
44 5
44 79
44 73
44 72
44 69
44 45
44 33
44 31
44 30
44 25
44 91
44 64
44 54
44 41
44 81
44 71
44 12
44 24
44 14
44 95
44 66
44 90
44 9
44 7
44 44
44 43
44 20
44 89
44 55
44 35
44 40
44 27
44 42
44 80
44 22
44 67
44 59
44 23
44 98
44 97
44 82
44 75
44 94
44 39
44 78
44 36
44 77
44 92
44 28
44 19
44 8
44 60
44 10
44 52
44 57
44 37
44 48
44 70
44 47
44 49
44 88
44 16
44 15
44 61
44 76
44 6
44 74
44 4
44 51
44 86
44 96
44 2
44 38
44 58
44 100
4 99
4 63
4 56
4 32
4 29
4 11
4 3
4 87
4 53
4 50
4 1
4 93
4 65
4 62
4 21
4 18
4 13
4 83
4 68
4 46
4 34
4 26
4 85
4 17
4 5
4 79
4 73
4 72
4 69
4 45
4 33
4 31
4 30
4 25
4 91
4 64
4 54
4 41
4 81
4 71
4 12
4 24
4 14
4 95
4 66
4 90
4 9
4 7
4 44
4 43
4 20
4 89
4 55
4 35
4 40
4 27
4 42
4 80
4 22
4 67
4 59
4 23
4 98
4 97
4 82
4 75
4 94
4 39
4 78
4 36
4 77
4 92
4 28
4 19
4 8
4 60
4 10
4 52
4 57
4 37
4 48
4 70
4 47
4 49
4 88
4 16
4 15
4 61
4 76
4 6
4 74
4 4
4 51
4 86
4 96
4 2
4 38
4 58
4 100
74 99
74 63
74 56
74 32
74 29
74 11
74 3
74 87
74 53
74 50
74 1
74 93
74 65
74 62
74 21
74 18
74 13
74 83
74 68
74 46
74 34
74 26
74 85
74 17
74 5
74 79
74 73
74 72
74 69
74 45
74 33
74 31
74 30
74 25
74 91
74 64
74 54
74 41
74 81
74 71
74 12
74 24
74 14
74 95
74 66
74 90
74 9
74 7
74 44
74 43
74 20
74 89
74 55
74 35
74 40
74 27
74 42
74 80
74 22
74 67
74 59
74 23
74 98
74 97
74 82
74 75
74 94
74 39
74 78
74 36
74 77
74 92
74 28
74 19
74 8
74 60
74 10
74 52
74 57
74 37
74 48
74 70
74 47
74 49
74 88
74 16
74 15
74 61
74 76
74 6
74 74
74 4
74 51
74 86
74 96
74 2
74 38
74 58
25 99
25 63
25 56
25 32
25 29
25 11
25 3
25 87
25 53
25 50
25 1
25 93
25 65
25 62
25 21
25 18
25 13
25 83
25 68
25 46
25 34
25 26
25 85
25 17
25 5
25 79
25 73
25 72
25 69
25 45
25 33
25 31
25 30
25 25
25 91
25 64
25 54
25 41
25 81
25 71
25 12
25 24
25 14
25 95
25 66
25 90
25 9
25 7
25 44
25 43
25 20
25 89
25 55
25 35
25 40
25 27
25 42
25 80
25 22
25 67
25 59
25 23
25 98
25 97
25 82
25 75
25 94
25 39
25 78
25 36
25 77
25 92
25 28
25 19
25 8
25 60
25 10
25 52
25 57
25 37
25 48
25 70
25 47
25 49
25 88
25 16
25 15
25 61
25 76
25 6
25 74
25 4
25 51
25 86
25 96
25 2
25 38
25 58
18 99
18 63
18 56
18 32
18 29
18 11
18 3
18 87
18 53
18 50
18 1
18 93
18 65
18 62
18 21
18 18
18 13
18 83
18 68
18 46
18 34
18 26
18 85
18 17
18 5
18 79
18 73
18 72
18 69
18 45
18 33
18 31
18 30
18 25
18 91
18 64
18 54
18 41
18 81
18 71
18 12
18 24
18 14
18 95
18 66
18 90
18 9
18 7
18 44
18 43
18 20
18 89
18 55
18 35
18 40
18 27
18 42
18 80
18 22
18 67
18 59
18 23
18 98
18 97
18 82
18 75
18 94
18 39
18 78
18 36
18 77
18 92
18 28
18 19
18 8
18 60
18 10
18 52
18 57
18 37
18 48
18 70
18 47
18 49
18 88
18 16
18 15
18 61
18 76
18 6
18 74
18 4
18 51
18 86
18 96
18 2
18 38
18 58
32 99
32 63
32 56
32 32
32 29
32 11
32 3
32 87
32 53
32 50
32 1
32 93
32 65
32 62
32 21
32 18
32 13
32 83
32 68
32 46
32 34
32 26
32 85
32 17
32 5
32 79
32 73
32 72
32 69
32 45
32 33
32 31
32 30
32 25
32 91
32 64
32 54
32 41
32 81
32 71
32 12
32 24
32 14
32 95
32 66
32 90
32 9
32 7
32 44
32 43
32 20
32 89
32 55
32 35
32 40
32 27
32 42
32 80
32 22
32 67
32 59
32 23
32 98
32 97
32 82
32 75
32 94
32 39
32 78
32 36
32 77
32 92
32 28
32 19
32 8
32 60
32 10
32 52
32 57
32 37
32 48
32 70
32 47
32 49
32 88
32 16
32 15
32 61
32 76
32 6
32 74
32 4
32 51
32 86
32 96
32 2
32 38
22 99
22 63
22 56
22 32
22 29
22 11
22 3
22 87
22 53
22 50
22 1
22 93
22 65
22 62
22 21
22 18
22 13
22 83
22 68
22 46
22 34
22 26
22 85
22 17
22 5
22 79
22 73
22 72
22 69
22 45
22 33
22 31
22 30
22 25
22 91
22 64
22 54
22 41
22 81
22 71
22 12
22 24
22 14
22 95
22 66
22 90
22 9
22 7
22 44
22 43
22 20
22 89
22 55
22 35
22 40
22 27
22 42
22 80
22 22
22 67
22 59
22 23
22 98
22 97
22 82
22 75
22 94
22 39
22 78
22 36
22 77
22 92
22 28
22 19
22 8
22 60
22 10
22 52
22 57
22 37
22 48
22 70
22 47
22 49
22 88
22 16
22 15
22 61
22 76
22 6
22 74
22 4
22 51
22 86
22 96
22 2
22 38
9 99
9 63
9 56
9 32
9 29
9 11
9 3
9 87
9 53
9 50
9 1
9 93
9 65
9 62
9 21
9 18
9 13
9 83
9 68
9 46
9 34
9 26
9 85
9 17
9 5
9 79
9 73
9 72
9 69
9 45
9 33
9 31
9 30
9 25
9 91
9 64
9 54
9 41
9 81
9 71
9 12
9 24
9 14
9 95
9 66
9 90
9 9
9 7
9 44
9 43
9 20
9 89
9 55
9 35
9 40
9 27
9 42
9 80
9 22
9 67
9 59
9 23
9 98
9 97
9 82
9 75
9 94
9 39
9 78
9 36
9 77
9 92
9 28
9 19
9 8
9 60
9 10
9 52
9 57
9 37
9 48
9 70
9 47
9 49
9 88
9 16
9 15
9 61
9 76
9 6
9 74
9 4
9 51
9 86
9 96
9 2
9 38
92 99
92 63
92 56
92 32
92 29
92 11
92 3
92 87
92 53
92 50
92 1
92 93
92 65
92 62
92 21
92 18
92 13
92 83
92 68
92 46
92 34
92 26
92 85
92 17
92 5
92 79
92 73
92 72
92 69
92 45
92 33
92 31
92 30
92 25
92 91
92 64
92 54
92 41
92 81
92 71
92 12
92 24
92 14
92 95
92 66
92 90
92 9
92 7
92 44
92 43
92 20
92 89
92 55
92 35
92 40
92 27
92 42
92 80
92 22
92 67
92 59
92 23
92 98
92 97
92 82
92 75
92 94
92 39
92 78
92 36
92 77
92 92
92 28
92 19
92 8
92 60
92 10
92 52
92 57
92 37
92 48
92 70
92 47
92 49
92 88
92 16
92 15
92 61
92 76
92 6
92 74
92 4
92 51
92 86
92 96
92 2
65 99
65 63
65 56
65 32
65 29
65 11
65 3
65 87
65 53
65 50
65 1
65 93
65 65
65 62
65 21
65 18
65 13
65 83
65 68
65 46
65 34
65 26
65 85
65 17
65 5
65 79
65 73
65 72
65 69
65 45
65 33
65 31
65 30
65 25
65 91
65 64
65 54
65 41
65 81
65 71
65 12
65 24
65 14
65 95
65 66
65 90
65 9
65 7
65 44
65 43
65 20
65 89
65 55
65 35
65 40
65 27
65 42
65 80
65 22
65 67
65 59
65 23
65 98
65 97
65 82
65 75
65 94
65 39
65 78
65 36
65 77
65 92
65 28
65 19
65 8
65 60
65 10
65 52
65 57
65 37
65 48
65 70
65 47
65 49
65 88
65 16
65 15
65 61
65 76
65 6
65 74
65 4
65 51
65 86
65 96
65 2
39 99
39 63
39 56
39 32
39 29
39 11
39 3
39 87
39 53
39 50
39 1
39 93
39 65
39 62
39 21
39 18
39 13
39 83
39 68
39 46
39 34
39 26
39 85
39 17
39 5
39 79
39 73
39 72
39 69
39 45
39 33
39 31
39 30
39 25
39 91
39 64
39 54
39 41
39 81
39 71
39 12
39 24
39 14
39 95
39 66
39 90
39 9
39 7
39 44
39 43
39 20
39 89
39 55
39 35
39 40
39 27
39 42
39 80
39 22
39 67
39 59
39 23
39 98
39 97
39 82
39 75
39 94
39 39
39 78
39 36
39 77
39 92
39 28
39 19
39 8
39 60
39 10
39 52
39 57
39 37
39 48
39 70
39 47
39 49
39 88
39 16
39 15
39 61
39 76
39 6
39 74
39 4
39 51
39 86
39 96
39 2
11 99
11 63
11 56
11 32
11 29
11 11
11 3
11 87
11 53
11 50
11 1
11 93
11 65
11 62
11 21
11 18
11 13
11 83
11 68
11 46
11 34
11 26
11 85
11 17
11 5
11 79
11 73
11 72
11 69
11 45
11 33
11 31
11 30
11 25
11 91
11 64
11 54
11 41
11 81
11 71
11 12
11 24
11 14
11 95
11 66
11 90
11 9
11 7
11 44
11 43
11 20
11 89
11 55
11 35
11 40
11 27
11 42
11 80
11 22
11 67
11 59
11 23
11 98
11 97
11 82
11 75
11 94
11 39
11 78
11 36
11 77
11 92
11 28
11 19
11 8
11 60
11 10
11 52
11 57
11 37
11 48
11 70
11 47
11 49
11 88
11 16
11 15
11 61
11 76
11 6
11 74
11 4
11 51
11 86
11 96
11 38
90 99
90 63
90 56
90 32
90 29
90 11
90 3
90 87
90 53
90 50
90 1
90 93
90 65
90 62
90 21
90 18
90 13
90 83
90 68
90 46
90 34
90 26
90 85
90 17
90 5
90 79
90 73
90 72
90 69
90 45
90 33
90 31
90 30
90 25
90 91
90 64
90 54
90 41
90 81
90 71
90 12
90 24
90 14
90 95
90 66
90 90
90 9
90 7
90 44
90 43
90 20
90 89
90 55
90 35
90 40
90 27
90 42
90 80
90 22
90 67
90 59
90 23
90 98
90 97
90 82
90 75
90 94
90 39
90 78
90 36
90 77
90 92
90 28
90 19
90 8
90 60
90 10
90 52
90 57
90 37
90 48
90 70
90 47
90 49
90 88
90 16
90 15
90 61
90 76
90 6
90 74
90 4
90 51
90 86
90 96
88 99
88 63
88 56
88 32
88 29
88 11
88 3
88 87
88 53
88 50
88 1
88 93
88 65
88 62
88 21
88 18
88 13
88 83
88 68
88 46
88 34
88 26
88 85
88 17
88 5
88 79
88 73
88 72
88 69
88 45
88 33
88 31
88 30
88 25
88 91
88 64
88 54
88 41
88 81
88 71
88 12
88 24
88 14
88 95
88 66
88 90
88 9
88 7
88 44
88 43
88 20
88 89
88 55
88 35
88 40
88 27
88 42
88 80
88 22
88 67
88 59
88 23
88 98
88 97
88 82
88 75
88 94
88 39
88 78
88 36
88 77
88 92
88 28
88 19
88 8
88 60
88 10
88 52
88 57
88 37
88 48
88 70
88 47
88 49
88 88
88 16
88 15
88 61
88 76
88 6
88 74
88 4
88 51
88 86
88 2
86 99
86 63
86 56
86 32
86 29
86 11
86 3
86 87
86 53
86 50
86 1
86 93
86 65
86 62
86 21
86 18
86 13
86 83
86 68
86 46
86 34
86 26
86 85
86 17
86 5
86 79
86 73
86 72
86 69
86 45
86 33
86 31
86 30
86 25
86 91
86 64
86 54
86 41
86 81
86 71
86 12
86 24
86 14
86 95
86 66
86 90
86 9
86 7
86 44
86 43
86 20
86 89
86 55
86 35
86 40
86 27
86 42
86 80
86 22
86 67
86 59
86 23
86 98
86 97
86 82
86 75
86 94
86 39
86 78
86 36
86 77
86 92
86 28
86 19
86 8
86 60
86 10
86 52
86 57
86 37
86 48
86 70
86 47
86 49
86 88
86 16
86 15
86 61
86 76
86 6
86 74
86 4
86 51
86 86
86 96
81 99
81 63
81 56
81 32
81 29
81 11
81 3
81 87
81 53
81 50
81 1
81 93
81 65
81 62
81 21
81 18
81 13
81 83
81 68
81 46
81 34
81 26
81 85
81 17
81 5
81 79
81 73
81 72
81 69
81 45
81 33
81 31
81 30
81 25
81 91
81 64
81 54
81 41
81 81
81 71
81 12
81 24
81 14
81 95
81 66
81 90
81 9
81 7
81 44
81 43
81 20
81 89
81 55
81 35
81 40
81 27
81 42
81 80
81 22
81 67
81 59
81 23
81 98
81 97
81 82
81 75
81 94
81 39
81 78
81 36
81 77
81 92
81 28
81 19
81 8
81 60
81 10
81 52
81 57
81 37
81 48
81 70
81 47
81 49
81 88
81 16
81 15
81 61
81 76
81 6
81 74
81 4
81 51
81 86
81 38
43 99
43 63
43 56
43 32
43 29
43 11
43 3
43 87
43 53
43 50
43 1
43 93
43 65
43 62
43 21
43 18
43 13
43 83
43 68
43 46
43 34
43 26
43 85
43 17
43 5
43 79
43 73
43 72
43 69
43 45
43 33
43 31
43 30
43 25
43 91
43 64
43 54
43 41
43 81
43 71
43 12
43 24
43 14
43 95
43 66
43 90
43 9
43 7
43 44
43 43
43 20
43 89
43 55
43 35
43 40
43 27
43 42
43 80
43 22
43 67
43 59
43 23
43 98
43 97
43 82
43 75
43 94
43 39
43 78
43 36
43 77
43 92
43 28
43 19
43 8
43 60
43 10
43 52
43 57
43 37
43 48
43 70
43 47
43 49
43 88
43 16
43 15
43 61
43 76
43 6
43 74
43 4
43 51
43 2
43 96
3 99
3 63
3 56
3 32
3 29
3 11
3 3
3 87
3 53
3 50
3 1
3 93
3 65
3 62
3 21
3 18
3 13
3 83
3 68
3 46
3 34
3 26
3 85
3 17
3 5
3 79
3 73
3 72
3 69
3 45
3 33
3 31
3 30
3 25
3 91
3 64
3 54
3 41
3 81
3 71
3 12
3 24
3 14
3 95
3 66
3 90
3 9
3 7
3 44
3 43
3 20
3 89
3 55
3 35
3 40
3 27
3 42
3 80
3 22
3 67
3 59
3 23
3 98
3 97
3 82
3 75
3 94
3 39
3 78
3 36
3 77
3 92
3 28
3 19
3 8
3 60
3 10
3 52
3 57
3 37
3 48
3 70
3 47
3 49
3 88
3 16
3 15
3 61
3 76
3 6
3 74
3 4
3 51
3 86
3 38
79 99
79 63
79 56
79 32
79 29
79 11
79 3
79 87
79 53
79 50
79 1
79 93
79 65
79 62
79 21
79 18
79 13
79 83
79 68
79 46
79 34
79 26
79 85
79 17
79 5
79 79
79 73
79 72
79 69
79 45
79 33
79 31
79 30
79 25
79 91
79 64
79 54
79 41
79 81
79 71
79 12
79 24
79 14
79 95
79 66
79 90
79 9
79 7
79 44
79 43
79 20
79 89
79 55
79 35
79 40
79 27
79 42
79 80
79 22
79 67
79 59
79 23
79 98
79 97
79 82
79 75
79 94
79 39
79 78
79 36
79 77
79 92
79 28
79 19
79 8
79 60
79 10
79 52
79 57
79 37
79 48
79 70
79 47
79 49
79 88
79 16
79 15
79 61
79 76
79 6
79 74
79 4
79 51
79 2
75 99
75 63
75 56
75 32
75 29
75 11
75 3
75 87
75 53
75 50
75 1
75 93
75 65
75 62
75 21
75 18
75 13
75 83
75 68
75 46
75 34
75 26
75 85
75 17
75 5
75 79
75 73
75 72
75 69
75 45
75 33
75 31
75 30
75 25
75 91
75 64
75 54
75 41
75 81
75 71
75 12
75 24
75 14
75 95
75 66
75 90
75 9
75 7
75 44
75 43
75 20
75 89
75 55
75 35
75 40
75 27
75 42
75 80
75 22
75 67
75 59
75 23
75 98
75 97
75 82
75 75
75 94
75 39
75 78
75 36
75 77
75 92
75 28
75 19
75 8
75 60
75 10
75 52
75 57
75 37
75 48
75 70
75 47
75 49
75 88
75 16
75 15
75 61
75 76
75 6
75 74
75 4
75 96
75 86
54 99
54 63
54 56
54 32
54 29
54 11
54 3
54 87
54 53
54 50
54 1
54 93
54 65
54 62
54 21
54 18
54 13
54 83
54 68
54 46
54 34
54 26
54 85
54 17
54 5
54 79
54 73
54 72
54 69
54 45
54 33
54 31
54 30
54 25
54 91
54 64
54 54
54 41
54 81
54 71
54 12
54 24
54 14
54 95
54 66
54 90
54 9
54 7
54 44
54 43
54 20
54 89
54 55
54 35
54 40
54 27
54 42
54 80
54 22
54 67
54 59
54 23
54 98
54 97
54 82
54 75
54 94
54 39
54 78
54 36
54 77
54 92
54 28
54 19
54 8
54 60
54 10
54 52
54 57
54 37
54 48
54 70
54 47
54 49
54 88
54 16
54 15
54 61
54 76
54 6
54 74
54 4
54 51
54 38
69 99
69 63
69 56
69 32
69 29
69 11
69 3
69 87
69 53
69 50
69 1
69 93
69 65
69 62
69 21
69 18
69 13
69 83
69 68
69 46
69 34
69 26
69 85
69 17
69 5
69 79
69 73
69 72
69 69
69 45
69 33
69 31
69 30
69 25
69 91
69 64
69 54
69 41
69 81
69 71
69 12
69 24
69 14
69 95
69 66
69 90
69 9
69 7
69 44
69 43
69 20
69 89
69 55
69 35
69 40
69 27
69 42
69 80
69 22
69 67
69 59
69 23
69 98
69 97
69 82
69 75
69 94
69 39
69 78
69 36
69 77
69 92
69 28
69 19
69 8
69 60
69 10
69 52
69 57
69 37
69 48
69 70
69 47
69 49
69 88
69 16
69 15
69 61
69 76
69 6
69 74
69 4
69 2
56 99
56 63
56 56
56 32
56 29
56 11
56 3
56 87
56 53
56 50
56 1
56 93
56 65
56 62
56 21
56 18
56 13
56 83
56 68
56 46
56 34
56 26
56 85
56 17
56 5
56 79
56 73
56 72
56 69
56 45
56 33
56 31
56 30
56 25
56 91
56 64
56 54
56 41
56 81
56 71
56 12
56 24
56 14
56 95
56 66
56 90
56 9
56 7
56 44
56 43
56 20
56 89
56 55
56 35
56 40
56 27
56 42
56 80
56 22
56 67
56 59
56 23
56 98
56 97
56 82
56 75
56 94
56 39
56 78
56 36
56 77
56 92
56 28
56 19
56 8
56 60
56 10
56 52
56 57
56 37
56 48
56 70
56 47
56 49
56 88
56 16
56 15
56 61
56 76
56 6
56 74
56 4
56 96
10 99
10 63
10 56
10 32
10 29
10 11
10 3
10 87
10 53
10 50
10 1
10 93
10 65
10 62
10 21
10 18
10 13
10 83
10 68
10 46
10 34
10 26
10 85
10 17
10 5
10 79
10 73
10 72
10 69
10 45
10 33
10 31
10 30
10 25
10 91
10 64
10 54
10 41
10 81
10 71
10 12
10 24
10 14
10 95
10 66
10 90
10 9
10 7
10 44
10 43
10 20
10 89
10 55
10 35
10 40
10 27
10 42
10 80
10 22
10 67
10 59
10 23
10 98
10 97
10 82
10 75
10 94
10 39
10 78
10 36
10 77
10 92
10 28
10 19
10 8
10 60
10 10
10 52
10 57
10 37
10 48
10 70
10 47
10 49
10 88
10 16
10 15
10 61
10 76
10 6
10 74
10 4
10 86
68 99
68 63
68 56
68 32
68 29
68 11
68 3
68 87
68 53
68 50
68 1
68 93
68 65
68 62
68 21
68 18
68 13
68 83
68 68
68 46
68 34
68 26
68 85
68 17
68 5
68 79
68 73
68 72
68 69
68 45
68 33
68 31
68 30
68 25
68 91
68 64
68 54
68 41
68 81
68 71
68 12
68 24
68 14
68 95
68 66
68 90
68 9
68 7
68 44
68 43
68 20
68 89
68 55
68 35
68 40
68 27
68 42
68 80
68 22
68 67
68 59
68 23
68 98
68 97
68 82
68 75
68 94
68 39
68 78
68 36
68 77
68 92
68 28
68 19
68 8
68 60
68 10
68 52
68 57
68 37
68 48
68 70
68 47
68 49
68 88
68 16
68 15
68 61
68 76
68 6
68 74
68 4
47 99
47 63
47 56
47 32
47 29
47 11
47 3
47 87
47 53
47 50
47 1
47 93
47 65
47 62
47 21
47 18
47 13
47 83
47 68
47 46
47 34
47 26
47 85
47 17
47 5
47 79
47 73
47 72
47 69
47 45
47 33
47 31
47 30
47 25
47 91
47 64
47 54
47 41
47 81
47 71
47 12
47 24
47 14
47 95
47 66
47 90
47 9
47 7
47 44
47 43
47 20
47 89
47 55
47 35
47 40
47 27
47 42
47 80
47 22
47 67
47 59
47 23
47 98
47 97
47 82
47 75
47 94
47 39
47 78
47 36
47 77
47 92
47 28
47 19
47 8
47 60
47 10
47 52
47 57
47 37
47 48
47 70
47 47
47 49
47 88
47 16
47 15
47 61
47 76
47 6
47 74
47 4
16 99
16 63
16 56
16 32
16 29
16 11
16 3
16 87
16 53
16 50
16 1
16 93
16 65
16 62
16 21
16 18
16 13
16 83
16 68
16 46
16 34
16 26
16 85
16 17
16 5
16 79
16 73
16 72
16 69
16 45
16 33
16 31
16 30
16 25
16 91
16 64
16 54
16 41
16 81
16 71
16 12
16 24
16 14
16 95
16 66
16 90
16 9
16 7
16 44
16 43
16 20
16 89
16 55
16 35
16 40
16 27
16 42
16 80
16 22
16 67
16 59
16 23
16 98
16 97
16 82
16 75
16 94
16 39
16 78
16 36
16 77
16 92
16 28
16 19
16 8
16 60
16 10
16 52
16 57
16 37
16 48
16 70
16 47
16 49
16 88
16 16
16 15
16 61
16 76
16 6
16 74
67 99
67 63
67 56
67 32
67 29
67 11
67 3
67 87
67 53
67 50
67 1
67 93
67 65
67 62
67 21
67 18
67 13
67 83
67 68
67 46
67 34
67 26
67 85
67 17
67 5
67 79
67 73
67 72
67 69
67 45
67 33
67 31
67 30
67 25
67 91
67 64
67 54
67 41
67 81
67 71
67 12
67 24
67 14
67 95
67 66
67 90
67 9
67 7
67 44
67 43
67 20
67 89
67 55
67 35
67 40
67 27
67 42
67 80
67 22
67 67
67 59
67 23
67 98
67 97
67 82
67 75
67 94
67 39
67 78
67 36
67 77
67 92
67 28
67 19
67 8
67 60
67 10
67 52
67 57
67 37
67 48
67 70
67 47
67 49
67 88
67 16
67 15
67 61
67 76
67 6
45 99
45 63
45 56
45 32
45 29
45 11
45 3
45 87
45 53
45 50
45 1
45 93
45 65
45 62
45 21
45 18
45 13
45 83
45 68
45 46
45 34
45 26
45 85
45 17
45 5
45 79
45 73
45 72
45 69
45 45
45 33
45 31
45 30
45 25
45 91
45 64
45 54
45 41
45 81
45 71
45 12
45 24
45 14
45 95
45 66
45 90
45 9
45 7
45 44
45 43
45 20
45 89
45 55
45 35
45 40
45 27
45 42
45 80
45 22
45 67
45 59
45 23
45 98
45 97
45 82
45 75
45 94
45 39
45 78
45 36
45 77
45 92
45 28
45 19
45 8
45 60
45 10
45 52
45 57
45 37
45 48
45 70
45 47
45 49
45 88
45 16
45 15
45 61
45 76
45 74
35 99
35 63
35 56
35 32
35 29
35 11
35 3
35 87
35 53
35 50
35 1
35 93
35 65
35 62
35 21
35 18
35 13
35 83
35 68
35 46
35 34
35 26
35 85
35 17
35 5
35 79
35 73
35 72
35 69
35 45
35 33
35 31
35 30
35 25
35 91
35 64
35 54
35 41
35 81
35 71
35 12
35 24
35 14
35 95
35 66
35 90
35 9
35 7
35 44
35 43
35 20
35 89
35 55
35 35
35 40
35 27
35 42
35 80
35 22
35 67
35 59
35 23
35 98
35 97
35 82
35 75
35 94
35 39
35 78
35 36
35 77
35 92
35 28
35 19
35 8
35 60
35 10
35 52
35 57
35 37
35 48
35 70
35 47
35 49
35 88
35 16
35 15
35 61
35 6
35 4
64 99
64 63
64 56
64 32
64 29
64 11
64 3
64 87
64 53
64 50
64 1
64 93
64 65
64 62
64 21
64 18
64 13
64 83
64 68
64 46
64 34
64 26
64 85
64 17
64 5
64 79
64 73
64 72
64 69
64 45
64 33
64 31
64 30
64 25
64 91
64 64
64 54
64 41
64 81
64 71
64 12
64 24
64 14
64 95
64 66
64 90
64 9
64 7
64 44
64 43
64 20
64 89
64 55
64 35
64 40
64 27
64 42
64 80
64 22
64 67
64 59
64 23
64 98
64 97
64 82
64 75
64 94
64 39
64 78
64 36
64 77
64 92
64 28
64 19
64 8
64 60
64 10
64 52
64 57
64 37
64 48
64 70
64 47
64 49
64 88
64 16
64 15
64 61
64 76
24 99
24 63
24 56
24 32
24 29
24 11
24 3
24 87
24 53
24 50
24 1
24 93
24 65
24 62
24 21
24 18
24 13
24 83
24 68
24 46
24 34
24 26
24 85
24 17
24 5
24 79
24 73
24 72
24 69
24 45
24 33
24 31
24 30
24 25
24 91
24 64
24 54
24 41
24 81
24 71
24 12
24 24
24 14
24 95
24 66
24 90
24 9
24 7
24 44
24 43
24 20
24 89
24 55
24 35
24 40
24 27
24 42
24 80
24 22
24 67
24 59
24 23
24 98
24 97
24 82
24 75
24 94
24 39
24 78
24 36
24 77
24 92
24 28
24 19
24 8
24 60
24 10
24 52
24 57
24 37
24 48
24 70
24 47
24 49
24 88
24 16
24 15
24 74
24 61
5 99
5 63
5 56
5 32
5 29
5 11
5 3
5 87
5 53
5 50
5 1
5 93
5 65
5 62
5 21
5 18
5 13
5 83
5 68
5 46
5 34
5 26
5 85
5 17
5 5
5 79
5 73
5 72
5 69
5 45
5 33
5 31
5 30
5 25
5 91
5 64
5 54
5 41
5 81
5 71
5 12
5 24
5 14
5 95
5 66
5 90
5 9
5 7
5 44
5 43
5 20
5 89
5 55
5 35
5 40
5 27
5 42
5 80
5 22
5 67
5 59
5 23
5 98
5 97
5 82
5 75
5 94
5 39
5 78
5 36
5 77
5 92
5 28
5 19
5 8
5 60
5 10
5 52
5 57
5 37
5 48
5 70
5 47
5 49
5 88
5 16
5 15
5 6
5 4
2 99
2 63
2 56
2 32
2 29
2 11
2 3
2 87
2 53
2 50
2 1
2 93
2 65
2 62
2 21
2 18
2 13
2 83
2 68
2 46
2 34
2 26
2 85
2 17
2 5
2 79
2 73
2 72
2 69
2 45
2 33
2 31
2 30
2 25
2 91
2 64
2 54
2 41
2 81
2 71
2 12
2 24
2 14
2 95
2 66
2 90
2 9
2 7
2 44
2 43
2 20
2 89
2 55
2 35
2 40
2 27
2 42
2 80
2 22
2 67
2 59
2 23
2 98
2 97
2 82
2 75
2 94
2 39
2 78
2 36
2 77
2 92
2 28
2 19
2 8
2 60
2 10
2 52
2 57
2 37
2 48
2 70
2 47
2 49
2 88
2 76
2 74
2 61
2 16
62 99
62 63
62 56
62 32
62 29
62 11
62 3
62 87
62 53
62 50
62 1
62 93
62 65
62 62
62 21
62 18
62 13
62 83
62 68
62 46
62 34
62 26
62 85
62 17
62 5
62 79
62 73
62 72
62 69
62 45
62 33
62 31
62 30
62 25
62 91
62 64
62 54
62 41
62 81
62 71
62 12
62 24
62 14
62 95
62 66
62 90
62 9
62 7
62 44
62 43
62 20
62 89
62 55
62 35
62 40
62 27
62 42
62 80
62 22
62 67
62 59
62 23
62 98
62 97
62 82
62 75
62 94
62 39
62 78
62 36
62 77
62 92
62 28
62 19
62 8
62 60
62 10
62 52
62 57
62 37
62 48
62 70
62 47
62 49
62 15
62 6
62 4
62 88
52 99
52 63
52 56
52 32
52 29
52 11
52 3
52 87
52 53
52 50
52 1
52 93
52 65
52 62
52 21
52 18
52 13
52 83
52 68
52 46
52 34
52 26
52 85
52 17
52 5
52 79
52 73
52 72
52 69
52 45
52 33
52 31
52 30
52 25
52 91
52 64
52 54
52 41
52 81
52 71
52 12
52 24
52 14
52 95
52 66
52 90
52 9
52 7
52 44
52 43
52 20
52 89
52 55
52 35
52 40
52 27
52 42
52 80
52 22
52 67
52 59
52 23
52 98
52 97
52 82
52 75
52 94
52 39
52 78
52 36
52 77
52 92
52 28
52 19
52 8
52 60
52 10
52 52
52 57
52 37
52 48
52 70
52 47
52 76
52 74
52 61
52 51
52 49
37 99
37 63
37 56
37 32
37 29
37 11
37 3
37 87
37 53
37 50
37 1
37 93
37 65
37 62
37 21
37 18
37 13
37 83
37 68
37 46
37 34
37 26
37 85
37 17
37 5
37 79
37 73
37 72
37 69
37 45
37 33
37 31
37 30
37 25
37 91
37 64
37 54
37 41
37 81
37 71
37 12
37 24
37 14
37 95
37 66
37 90
37 9
37 7
37 44
37 43
37 20
37 89
37 55
37 35
37 40
37 27
37 42
37 80
37 22
37 67
37 59
37 23
37 98
37 97
37 82
37 75
37 94
37 39
37 78
37 36
37 77
37 92
37 28
37 19
37 8
37 60
37 10
37 52
37 57
37 37
37 48
37 70
37 47
37 38
37 16
37 15
37 6
99 99
99 63
99 56
99 32
99 29
99 11
99 3
99 87
99 53
99 50
99 1
99 93
99 65
99 62
99 21
99 18
99 13
99 83
99 68
99 46
99 34
99 26
99 85
99 17
99 5
99 79
99 73
99 72
99 69
99 45
99 33
99 31
99 30
99 25
99 91
99 64
99 54
99 41
99 81
99 71
99 12
99 24
99 14
99 95
99 66
99 90
99 9
99 7
99 44
99 43
99 20
99 89
99 55
99 35
99 40
99 27
99 42
99 80
99 22
99 67
99 59
99 23
99 98
99 97
99 82
99 75
99 94
99 39
99 78
99 36
99 77
99 92
99 28
99 19
99 8
99 60
99 10
99 52
99 57
99 37
99 48
99 70
99 47
99 4
99 2
50 99
50 63
50 56
50 32
50 29
50 11
50 3
50 87
50 53
50 50
50 1
50 93
50 65
50 62
50 21
50 18
50 13
50 83
50 68
50 46
50 34
50 26
50 85
50 17
50 5
50 79
50 73
50 72
50 69
50 45
50 33
50 31
50 30
50 25
50 91
50 64
50 54
50 41
50 81
50 71
50 12
50 24
50 14
50 95
50 66
50 90
50 9
50 7
50 44
50 43
50 20
50 89
50 55
50 35
50 40
50 27
50 42
50 80
50 22
50 67
50 59
50 23
50 98
50 97
50 82
50 75
50 94
50 39
50 78
50 36
50 77
50 92
50 28
50 19
50 8
50 60
50 10
50 52
50 57
50 37
50 48
50 70
50 96
50 88
50 86
72 99
72 63
72 56
72 32
72 29
72 11
72 3
72 87
72 53
72 50
72 1
72 93
72 65
72 62
72 21
72 18
72 13
72 83
72 68
72 46
72 34
72 26
72 85
72 17
72 5
72 79
72 73
72 72
72 69
72 45
72 33
72 31
72 30
72 25
72 91
72 64
72 54
72 41
72 81
72 71
72 12
72 24
72 14
72 95
72 66
72 90
72 9
72 7
72 44
72 43
72 20
72 89
72 55
72 35
72 40
72 27
72 42
72 80
72 22
72 67
72 59
72 23
72 98
72 97
72 82
72 75
72 94
72 39
72 78
72 36
72 77
72 92
72 28
72 19
72 8
72 60
72 10
72 52
72 57
72 37
72 48
72 76
72 74
72 70
89 99
89 63
89 56
89 32
89 29
89 11
89 3
89 87
89 53
89 50
89 1
89 93
89 65
89 62
89 21
89 18
89 13
89 83
89 68
89 46
89 34
89 26
89 85
89 17
89 5
89 79
89 73
89 72
89 69
89 45
89 33
89 31
89 30
89 25
89 91
89 64
89 54
89 41
89 81
89 71
89 12
89 24
89 14
89 95
89 66
89 90
89 9
89 7
89 44
89 43
89 20
89 89
89 55
89 35
89 40
89 27
89 42
89 80
89 22
89 67
89 59
89 23
89 98
89 97
89 82
89 75
89 94
89 39
89 78
89 36
89 77
89 92
89 28
89 19
89 8
89 60
89 10
89 52
89 57
89 37
89 61
89 58
89 51
83 99
83 63
83 56
83 32
83 29
83 11
83 3
83 87
83 53
83 50
83 1
83 93
83 65
83 62
83 21
83 18
83 13
83 83
83 68
83 46
83 34
83 26
83 85
83 17
83 5
83 79
83 73
83 72
83 69
83 45
83 33
83 31
83 30
83 25
83 91
83 64
83 54
83 41
83 81
83 71
83 12
83 24
83 14
83 95
83 66
83 90
83 9
83 7
83 44
83 43
83 20
83 89
83 55
83 35
83 40
83 27
83 42
83 80
83 22
83 67
83 59
83 23
83 98
83 97
83 82
83 75
83 94
83 39
83 78
83 36
83 77
83 92
83 28
83 19
83 8
83 60
83 10
83 52
83 57
83 49
83 48
83 47
83 38
70 99
70 63
70 56
70 32
70 29
70 11
70 3
70 87
70 53
70 50
70 1
70 93
70 65
70 62
70 21
70 18
70 13
70 83
70 68
70 46
70 34
70 26
70 85
70 17
70 5
70 79
70 73
70 72
70 69
70 45
70 33
70 31
70 30
70 25
70 91
70 64
70 54
70 41
70 81
70 71
70 12
70 24
70 14
70 95
70 66
70 90
70 9
70 7
70 44
70 43
70 20
70 89
70 55
70 35
70 40
70 27
70 42
70 80
70 22
70 67
70 59
70 23
70 98
70 97
70 82
70 75
70 94
70 39
70 78
70 36
70 77
70 92
70 28
70 19
70 8
70 60
70 10
70 52
70 57
70 37
70 16
70 15
70 6
93 99
93 63
93 56
93 32
93 29
93 11
93 3
93 87
93 53
93 50
93 1
93 93
93 65
93 62
93 21
93 18
93 13
93 83
93 68
93 46
93 34
93 26
93 85
93 17
93 5
93 79
93 73
93 72
93 69
93 45
93 33
93 31
93 30
93 25
93 91
93 64
93 54
93 41
93 81
93 71
93 12
93 24
93 14
93 95
93 66
93 90
93 9
93 7
93 44
93 43
93 20
93 89
93 55
93 35
93 40
93 27
93 42
93 80
93 22
93 67
93 59
93 23
93 98
93 97
93 82
93 75
93 94
93 39
93 78
93 36
93 77
93 92
93 28
93 19
93 8
93 60
93 10
93 52
93 4
93 2
93 100
93 96
91 99
91 63
91 56
91 32
91 29
91 11
91 3
91 87
91 53
91 50
91 1
91 93
91 65
91 62
91 21
91 18
91 13
91 83
91 68
91 46
91 34
91 26
91 85
91 17
91 5
91 79
91 73
91 72
91 69
91 45
91 33
91 31
91 30
91 25
91 91
91 64
91 54
91 41
91 81
91 71
91 12
91 24
91 14
91 95
91 66
91 90
91 9
91 7
91 44
91 43
91 20
91 89
91 55
91 35
91 40
91 27
91 42
91 80
91 22
91 67
91 59
91 23
91 98
91 97
91 82
91 75
91 94
91 39
91 78
91 36
91 77
91 92
91 28
91 19
91 8
91 60
91 10
91 52
91 88
91 86
91 76
91 74
58 99
58 63
58 56
58 32
58 29
58 11
58 3
58 87
58 53
58 50
58 1
58 93
58 65
58 62
58 21
58 18
58 13
58 83
58 68
58 46
58 34
58 26
58 85
58 17
58 5
58 79
58 73
58 72
58 69
58 45
58 33
58 31
58 30
58 25
58 91
58 64
58 54
58 41
58 81
58 71
58 12
58 24
58 14
58 95
58 66
58 90
58 9
58 7
58 44
58 43
58 20
58 89
58 55
58 35
58 40
58 27
58 42
58 80
58 22
58 67
58 59
58 23
58 98
58 97
58 82
58 75
58 94
58 39
58 78
58 36
58 77
58 92
58 28
58 19
58 8
58 60
58 10
58 52
58 70
58 61
58 58
58 57
30 99
30 63
30 56
30 32
30 29
30 11
30 3
30 87
30 53
30 50
30 1
30 93
30 65
30 62
30 21
30 18
30 13
30 83
30 68
30 46
30 34
30 26
30 85
30 17
30 5
30 79
30 73
30 72
30 69
30 45
30 33
30 31
30 30
30 25
30 91
30 64
30 54
30 41
30 81
30 71
30 12
30 24
30 14
30 95
30 66
30 90
30 9
30 7
30 44
30 43
30 20
30 89
30 55
30 35
30 40
30 27
30 42
30 80
30 22
30 67
30 59
30 23
30 98
30 97
30 82
30 75
30 94
30 39
30 78
30 36
30 77
30 92
30 28
30 19
30 8
30 60
30 10
30 52
30 51
30 49
30 48
30 47
84 99
84 63
84 56
84 32
84 29
84 11
84 3
84 87
84 53
84 50
84 1
84 93
84 65
84 62
84 21
84 18
84 13
84 83
84 68
84 46
84 34
84 26
84 85
84 17
84 5
84 79
84 73
84 72
84 69
84 45
84 33
84 31
84 30
84 25
84 91
84 64
84 54
84 41
84 81
84 71
84 12
84 24
84 14
84 95
84 66
84 90
84 9
84 7
84 44
84 43
84 20
84 89
84 55
84 35
84 40
84 27
84 42
84 80
84 22
84 67
84 59
84 23
84 98
84 97
84 82
84 75
84 94
84 39
84 78
84 36
84 77
84 92
84 28
84 19
84 8
84 60
84 10
84 38
84 37
84 16
84 15
17 99
17 63
17 56
17 32
17 29
17 11
17 3
17 87
17 53
17 50
17 1
17 93
17 65
17 62
17 21
17 18
17 13
17 83
17 68
17 46
17 34
17 26
17 85
17 17
17 5
17 79
17 73
17 72
17 69
17 45
17 33
17 31
17 30
17 25
17 91
17 64
17 54
17 41
17 81
17 71
17 12
17 24
17 14
17 95
17 66
17 90
17 9
17 7
17 44
17 43
17 20
17 89
17 55
17 35
17 40
17 27
17 42
17 80
17 22
17 67
17 59
17 23
17 98
17 97
17 82
17 75
17 94
17 39
17 78
17 36
17 77
17 92
17 28
17 19
17 8
17 60
17 10
17 6
17 4
17 2
17 100
12 99
12 63
12 56
12 32
12 29
12 11
12 3
12 87
12 53
12 50
12 1
12 93
12 65
12 62
12 21
12 18
12 13
12 83
12 68
12 46
12 34
12 26
12 85
12 17
12 5
12 79
12 73
12 72
12 69
12 45
12 33
12 31
12 30
12 25
12 91
12 64
12 54
12 41
12 81
12 71
12 12
12 24
12 14
12 95
12 66
12 90
12 9
12 7
12 44
12 43
12 20
12 89
12 55
12 35
12 40
12 27
12 42
12 80
12 22
12 67
12 59
12 23
12 98
12 97
12 82
12 75
12 94
12 39
12 78
12 36
12 77
12 92
12 28
12 19
12 8
12 60
12 10
12 96
12 88
12 86
100 99
100 63
100 56
100 32
100 29
100 11
100 3
100 87
100 53
100 50
100 1
100 93
100 65
100 62
100 21
100 18
100 13
100 83
100 68
100 46
100 34
100 26
100 85
100 17
100 5
100 79
100 73
100 72
100 69
100 45
100 33
100 31
100 30
100 25
100 91
100 64
100 54
100 41
100 81
100 71
100 12
100 24
100 14
100 95
100 66
100 90
100 9
100 7
100 44
100 43
100 20
100 89
100 55
100 35
100 40
100 27
100 42
100 80
100 22
100 67
100 59
100 23
100 98
100 97
100 82
100 75
100 94
100 39
100 78
100 36
100 77
100 92
100 28
100 19
100 8
100 76
100 74
100 70
100 61
8 99
8 63
8 56
8 32
8 29
8 11
8 3
8 87
8 53
8 50
8 1
8 93
8 65
8 62
8 21
8 18
8 13
8 83
8 68
8 46
8 34
8 26
8 85
8 17
8 5
8 79
8 73
8 72
8 69
8 45
8 33
8 31
8 30
8 25
8 91
8 64
8 54
8 41
8 81
8 71
8 12
8 24
8 14
8 95
8 66
8 90
8 9
8 7
8 44
8 43
8 20
8 89
8 55
8 35
8 40
8 27
8 42
8 80
8 22
8 67
8 59
8 23
8 98
8 97
8 82
8 75
8 94
8 39
8 78
8 36
8 77
8 92
8 28
8 19
8 8
8 60
8 58
8 57
8 52
6 99
6 63
6 56
6 32
6 29
6 11
6 3
6 87
6 53
6 50
6 1
6 93
6 65
6 62
6 21
6 18
6 13
6 83
6 68
6 46
6 34
6 26
6 85
6 17
6 5
6 79
6 73
6 72
6 69
6 45
6 33
6 31
6 30
6 25
6 91
6 64
6 54
6 41
6 81
6 71
6 12
6 24
6 14
6 95
6 66
6 90
6 9
6 7
6 44
6 43
6 20
6 89
6 55
6 35
6 40
6 27
6 42
6 80
6 22
6 67
6 59
6 23
6 98
6 97
6 82
6 75
6 94
6 39
6 78
6 36
6 77
6 92
6 28
6 51
6 49
6 48
6 47
6 38
6 37
94 99
94 63
94 56
94 32
94 29
94 11
94 3
94 87
94 53
94 50
94 1
94 93
94 65
94 62
94 21
94 18
94 13
94 83
94 68
94 46
94 34
94 26
94 85
94 17
94 5
94 79
94 73
94 72
94 69
94 45
94 33
94 31
94 30
94 25
94 91
94 64
94 54
94 41
94 81
94 71
94 12
94 24
94 14
94 95
94 66
94 90
94 9
94 7
94 44
94 43
94 20
94 89
94 55
94 35
94 40
94 27
94 42
94 80
94 22
94 67
94 59
94 23
94 98
94 97
94 82
94 75
94 94
94 39
94 78
94 36
94 77
94 92
94 28
94 19
94 16
94 15
94 10
94 8
38 99
38 63
38 56
38 32
38 29
38 11
38 3
38 87
38 53
38 50
38 1
38 93
38 65
38 62
38 21
38 18
38 13
38 83
38 68
38 46
38 34
38 26
38 85
38 17
38 5
38 79
38 73
38 72
38 69
38 45
38 33
38 31
38 30
38 25
38 91
38 64
38 54
38 41
38 81
38 71
38 12
38 24
38 14
38 95
38 66
38 90
38 9
38 7
38 44
38 43
38 20
38 89
38 55
38 35
38 40
38 27
38 42
38 80
38 22
38 67
38 59
38 23
38 98
38 97
38 82
38 75
38 94
38 39
38 78
38 36
38 77
38 92
38 28
38 6
38 4
38 2
38 100
38 96
95 99
95 63
95 56
95 32
95 29
95 11
95 3
95 87
95 53
95 50
95 1
95 93
95 65
95 62
95 21
95 18
95 13
95 83
95 68
95 46
95 34
95 26
95 85
95 17
95 5
95 79
95 73
95 72
95 69
95 45
95 33
95 31
95 30
95 25
95 91
95 64
95 54
95 41
95 81
95 71
95 12
95 24
95 14
95 95
95 66
95 90
95 9
95 7
95 44
95 43
95 20
95 89
95 55
95 35
95 40
95 27
95 42
95 80
95 22
95 67
95 59
95 23
95 98
95 97
95 82
95 75
95 94
95 39
95 78
95 36
95 77
95 92
95 88
95 86
95 76
95 74
95 70
61 99
61 63
61 56
61 32
61 29
61 11
61 3
61 87
61 53
61 50
61 1
61 93
61 65
61 62
61 21
61 18
61 13
61 83
61 68
61 46
61 34
61 26
61 85
61 17
61 5
61 79
61 73
61 72
61 69
61 45
61 33
61 31
61 30
61 25
61 91
61 64
61 54
61 41
61 81
61 71
61 12
61 24
61 14
61 95
61 66
61 90
61 9
61 7
61 44
61 43
61 20
61 89
61 55
61 35
61 40
61 27
61 42
61 80
61 22
61 67
61 59
61 23
61 98
61 97
61 82
61 75
61 94
61 39
61 78
61 36
61 77
61 61
61 60
61 58
61 57
61 52
53 99
53 63
53 56
53 32
53 29
53 11
53 3
53 87
53 53
53 50
53 1
53 93
53 65
53 62
53 21
53 18
53 13
53 83
53 68
53 46
53 34
53 26
53 85
53 17
53 5
53 79
53 73
53 72
53 69
53 45
53 33
53 31
53 30
53 25
53 91
53 64
53 54
53 41
53 81
53 71
53 12
53 24
53 14
53 95
53 66
53 90
53 9
53 7
53 44
53 43
53 20
53 89
53 55
53 35
53 40
53 27
53 42
53 80
53 22
53 67
53 59
53 23
53 98
53 97
53 82
53 75
53 94
53 39
53 78
53 51
53 49
53 48
53 47
53 38
53 37
53 36
26 99
26 63
26 56
26 32
26 29
26 11
26 3
26 87
26 53
26 50
26 1
26 93
26 65
26 62
26 21
26 18
26 13
26 83
26 68
26 46
26 34
26 26
26 85
26 17
26 5
26 79
26 73
26 72
26 69
26 45
26 33
26 31
26 30
26 25
26 91
26 64
26 54
26 41
26 81
26 71
26 12
26 24
26 14
26 95
26 66
26 90
26 9
26 7
26 44
26 43
26 20
26 89
26 55
26 35
26 40
26 27
26 42
26 80
26 22
26 67
26 59
26 23
26 98
26 97
26 82
26 75
26 94
26 39
26 78
26 28
26 19
26 16
26 15
26 10
26 8
26 6
19 99
19 63
19 56
19 32
19 29
19 11
19 3
19 87
19 53
19 50
19 1
19 93
19 65
19 62
19 21
19 18
19 13
19 83
19 68
19 46
19 34
19 26
19 85
19 17
19 5
19 79
19 73
19 72
19 69
19 45
19 33
19 31
19 30
19 25
19 91
19 64
19 54
19 41
19 81
19 71
19 12
19 24
19 14
19 95
19 66
19 90
19 9
19 7
19 44
19 43
19 20
19 89
19 55
19 35
19 40
19 27
19 42
19 80
19 22
19 67
19 59
19 23
19 98
19 97
19 82
19 75
19 94
19 39
19 78
19 4
19 2
19 100
19 96
19 92
19 88
19 86
59 99
59 63
59 56
59 32
59 29
59 11
59 3
59 87
59 53
59 50
59 1
59 93
59 65
59 62
59 21
59 18
59 13
59 83
59 68
59 46
59 34
59 26
59 85
59 17
59 5
59 79
59 73
59 72
59 69
59 45
59 33
59 31
59 30
59 25
59 91
59 64
59 54
59 41
59 81
59 71
59 12
59 24
59 14
59 95
59 66
59 90
59 9
59 7
59 44
59 43
59 20
59 89
59 55
59 35
59 40
59 27
59 42
59 80
59 22
59 67
59 59
59 23
59 98
59 97
59 82
59 75
59 94
59 39
59 84
59 78
59 77
59 76
59 74
59 70
59 61
29 99
29 63
29 56
29 32
29 29
29 11
29 3
29 87
29 53
29 50
29 1
29 93
29 65
29 62
29 21
29 18
29 13
29 83
29 68
29 46
29 34
29 26
29 85
29 17
29 5
29 79
29 73
29 72
29 69
29 45
29 33
29 31
29 30
29 25
29 91
29 64
29 54
29 41
29 81
29 71
29 12
29 24
29 14
29 95
29 66
29 90
29 9
29 7
29 44
29 43
29 20
29 89
29 55
29 35
29 40
29 27
29 42
29 80
29 22
29 67
29 59
29 23
29 98
29 97
29 82
29 75
29 94
29 60
29 58
29 57
29 52
29 51
29 49
29 48
29 47
13 99
13 63
13 56
13 32
13 29
13 11
13 3
13 87
13 53
13 50
13 1
13 93
13 65
13 62
13 21
13 18
13 13
13 83
13 68
13 46
13 34
13 26
13 85
13 17
13 5
13 79
13 73
13 72
13 69
13 45
13 33
13 31
13 30
13 25
13 91
13 64
13 54
13 41
13 81
13 71
13 12
13 24
13 14
13 95
13 66
13 90
13 9
13 7
13 44
13 43
13 20
13 89
13 55
13 35
13 40
13 27
13 42
13 80
13 22
13 67
13 59
13 23
13 98
13 97
13 82
13 75
13 39
13 38
13 37
13 36
13 28
13 19
13 16
13 15
13 10
63 99
63 63
63 56
63 32
63 29
63 11
63 3
63 87
63 53
63 50
63 1
63 93
63 65
63 62
63 21
63 18
63 13
63 83
63 68
63 46
63 34
63 26
63 85
63 17
63 5
63 79
63 73
63 72
63 69
63 45
63 33
63 31
63 30
63 25
63 91
63 64
63 54
63 41
63 81
63 71
63 12
63 24
63 14
63 95
63 66
63 90
63 9
63 7
63 44
63 43
63 20
63 89
63 55
63 35
63 40
63 27
63 42
63 80
63 22
63 67
63 59
63 23
63 98
63 97
63 82
63 8
63 6
63 4
63 2
63 100
63 96
63 94
63 92
51 99
51 63
51 56
51 32
51 29
51 11
51 3
51 87
51 53
51 50
51 1
51 93
51 65
51 62
51 21
51 18
51 13
51 83
51 68
51 46
51 34
51 26
51 85
51 17
51 5
51 79
51 73
51 72
51 69
51 45
51 33
51 31
51 30
51 25
51 91
51 64
51 54
51 41
51 81
51 71
51 12
51 24
51 14
51 95
51 66
51 90
51 9
51 7
51 44
51 43
51 20
51 89
51 55
51 35
51 40
51 27
51 42
51 80
51 22
51 67
51 59
51 23
51 98
51 97
51 88
51 86
51 84
51 82
51 78
51 77
51 76
51 75
51 74
40 99
40 63
40 56
40 32
40 29
40 11
40 3
40 87
40 53
40 50
40 1
40 93
40 65
40 62
40 21
40 18
40 13
40 83
40 68
40 46
40 34
40 26
40 85
40 17
40 5
40 79
40 73
40 72
40 69
40 45
40 33
40 31
40 30
40 25
40 91
40 64
40 54
40 41
40 81
40 71
40 12
40 24
40 14
40 95
40 66
40 90
40 9
40 7
40 44
40 43
40 20
40 89
40 55
40 35
40 40
40 27
40 42
40 80
40 22
40 67
40 59
40 23
40 98
40 97
40 70
40 61
40 60
40 58
40 57
33 99
33 63
33 56
33 32
33 29
33 11
33 3
33 87
33 53
33 50
33 1
33 93
33 65
33 62
33 21
33 18
33 13
33 83
33 68
33 46
33 34
33 26
33 85
33 17
33 5
33 79
33 73
33 72
33 69
33 45
33 33
33 31
33 30
33 25
33 91
33 64
33 54
33 41
33 81
33 71
33 12
33 24
33 14
33 95
33 66
33 90
33 9
33 7
33 44
33 43
33 20
33 89
33 55
33 35
33 40
33 27
33 42
33 80
33 22
33 67
33 59
33 52
33 51
33 49
33 48
33 47
33 39
33 38
33 37
80 99
80 63
80 56
80 32
80 29
80 11
80 3
80 87
80 53
80 50
80 1
80 93
80 65
80 62
80 21
80 18
80 13
80 83
80 68
80 46
80 34
80 26
80 85
80 17
80 5
80 79
80 73
80 72
80 69
80 45
80 33
80 31
80 30
80 25
80 91
80 64
80 54
80 41
80 81
80 71
80 12
80 24
80 14
80 95
80 66
80 90
80 9
80 7
80 44
80 43
80 20
80 89
80 55
80 35
80 40
80 27
80 42
80 80
80 22
80 67
80 59
80 36
80 28
80 23
80 19
80 16
71 99
71 63
71 56
71 32
71 29
71 11
71 3
71 87
71 53
71 50
71 1
71 93
71 65
71 62
71 21
71 18
71 13
71 83
71 68
71 46
71 34
71 26
71 85
71 17
71 5
71 79
71 73
71 72
71 69
71 45
71 33
71 31
71 30
71 25
71 91
71 64
71 54
71 41
71 81
71 71
71 12
71 24
71 14
71 95
71 66
71 90
71 9
71 7
71 44
71 43
71 20
71 89
71 55
71 35
71 40
71 27
71 42
71 80
71 22
71 15
71 10
71 8
71 6
71 4
71 2
71 100
15 99
15 63
15 56
15 32
15 29
15 11
15 3
15 87
15 53
15 50
15 1
15 93
15 65
15 62
15 21
15 18
15 13
15 83
15 68
15 46
15 34
15 26
15 85
15 17
15 5
15 79
15 73
15 72
15 69
15 45
15 33
15 31
15 30
15 25
15 91
15 64
15 54
15 41
15 81
15 71
15 12
15 24
15 14
15 95
15 66
15 90
15 9
15 7
15 44
15 43
15 20
15 89
15 55
15 35
15 40
15 27
15 42
15 98
15 97
15 96
15 94
15 92
15 88
15 86
15 84
15 82
20 99
20 63
20 56
20 32
20 29
20 11
20 3
20 87
20 53
20 50
20 1
20 93
20 65
20 62
20 21
20 18
20 13
20 83
20 68
20 46
20 34
20 26
20 85
20 17
20 5
20 79
20 73
20 72
20 69
20 45
20 33
20 31
20 30
20 25
20 91
20 64
20 54
20 41
20 81
20 71
20 12
20 24
20 14
20 95
20 66
20 90
20 9
20 7
20 44
20 43
20 20
20 89
20 55
20 35
20 40
20 27
20 80
20 78
20 77
20 76
20 75
20 74
20 70
20 67
20 61
27 99
27 63
27 56
27 32
27 29
27 11
27 3
27 87
27 53
27 50
27 1
27 93
27 65
27 62
27 21
27 18
27 13
27 83
27 68
27 46
27 34
27 26
27 85
27 17
27 5
27 79
27 73
27 72
27 69
27 45
27 33
27 31
27 30
27 25
27 91
27 64
27 54
27 41
27 81
27 71
27 12
27 24
27 14
27 95
27 66
27 90
27 9
27 7
27 44
27 43
27 20
27 89
27 55
27 35
27 40
27 60
27 59
27 58
27 57
27 52
27 51
27 49
27 48
27 47
21 99
21 63
21 56
21 32
21 29
21 11
21 3
21 87
21 53
21 50
21 1
21 93
21 65
21 62
21 21
21 18
21 13
21 83
21 68
21 46
21 34
21 26
21 85
21 17
21 5
21 79
21 73
21 72
21 69
21 45
21 33
21 31
21 30
21 25
21 91
21 64
21 54
21 41
21 81
21 71
21 12
21 24
21 14
21 95
21 66
21 90
21 9
21 7
21 44
21 43
21 20
21 89
21 55
21 35
21 42
21 40
21 39
21 38
21 37
21 36
21 28
21 27
21 23
21 22
78 99
78 63
78 56
78 32
78 29
78 11
78 3
78 87
78 53
78 50
78 1
78 93
78 65
78 62
78 21
78 18
78 13
78 83
78 68
78 46
78 34
78 26
78 85
78 17
78 5
78 79
78 73
78 72
78 69
78 45
78 33
78 31
78 30
78 25
78 91
78 64
78 54
78 41
78 81
78 71
78 12
78 24
78 14
78 95
78 66
78 90
78 9
78 7
78 44
78 43
78 20
78 89
78 55
78 35
78 19
78 16
78 15
78 10
78 8
78 6
78 4
78 2
78 100
57 99
57 63
57 56
57 32
57 29
57 11
57 3
57 87
57 53
57 50
57 1
57 93
57 65
57 62
57 21
57 18
57 13
57 83
57 68
57 46
57 34
57 26
57 85
57 17
57 5
57 79
57 73
57 72
57 69
57 45
57 33
57 31
57 30
57 25
57 91
57 64
57 54
57 41
57 81
57 71
57 12
57 24
57 14
57 95
57 66
57 90
57 9
57 7
57 44
57 43
57 20
57 98
57 97
57 96
57 94
57 92
57 89
57 88
57 86
57 84
57 82
55 99
55 63
55 56
55 32
55 29
55 11
55 3
55 87
55 53
55 50
55 1
55 93
55 65
55 62
55 21
55 18
55 13
55 83
55 68
55 46
55 34
55 26
55 85
55 17
55 5
55 79
55 73
55 72
55 69
55 45
55 33
55 31
55 30
55 25
55 91
55 64
55 54
55 41
55 81
55 71
55 12
55 24
55 14
55 95
55 66
55 90
55 9
55 7
55 44
55 80
55 78
55 77
55 76
55 75
55 74
55 70
55 67
55 61
55 60
55 59
55 58
76 99
76 63
76 56
76 32
76 29
76 11
76 3
76 87
76 53
76 50
76 1
76 93
76 65
76 62
76 21
76 18
76 13
76 83
76 68
76 46
76 34
76 26
76 85
76 17
76 5
76 79
76 73
76 72
76 69
76 45
76 33
76 31
76 30
76 25
76 91
76 64
76 54
76 41
76 81
76 71
76 12
76 24
76 14
76 95
76 66
76 90
76 9
76 7
76 57
76 55
76 52
76 51
76 49
76 48
76 47
76 44
76 43
76 42
76 40
66 99
66 63
66 56
66 32
66 29
66 11
66 3
66 87
66 53
66 50
66 1
66 93
66 65
66 62
66 21
66 18
66 13
66 83
66 68
66 46
66 34
66 26
66 85
66 17
66 5
66 79
66 73
66 72
66 69
66 45
66 33
66 31
66 30
66 25
66 91
66 64
66 54
66 41
66 81
66 71
66 12
66 24
66 14
66 95
66 66
66 90
66 39
66 38
66 37
66 36
66 35
66 28
66 27
66 23
66 22
66 20
66 19
66 16
66 15
23 99
23 63
23 56
23 32
23 29
23 11
23 3
23 87
23 53
23 50
23 1
23 93
23 65
23 62
23 21
23 18
23 13
23 83
23 68
23 46
23 34
23 26
23 85
23 17
23 5
23 79
23 73
23 72
23 69
23 45
23 33
23 31
23 30
23 25
23 91
23 64
23 54
23 41
23 81
23 71
23 12
23 24
23 14
23 95
23 66
23 10
23 9
23 8
23 7
23 6
23 4
49 99
49 63
49 56
49 32
49 29
49 11
49 3
49 87
49 53
49 50
49 1
49 93
49 65
49 62
49 21
49 18
49 13
49 83
49 68
49 46
49 34
49 26
49 85
49 17
49 5
49 79
49 73
49 72
49 69
49 45
49 33
49 31
49 30
49 25
49 91
49 64
49 54
49 41
49 81
49 71
49 12
49 24
49 14
49 2
49 100
49 98
49 97
49 96
49 95
7 99
7 63
7 56
7 32
7 29
7 11
7 3
7 87
7 53
7 50
7 1
7 93
7 65
7 62
7 21
7 18
7 13
7 83
7 68
7 46
7 34
7 26
7 85
7 17
7 5
7 79
7 73
7 72
7 69
7 45
7 33
7 31
7 30
7 25
7 91
7 64
7 54
7 41
7 81
7 71
7 12
7 94
7 92
7 90
7 89
7 88
7 86
46 99
46 63
46 56
46 32
46 29
46 11
46 3
46 87
46 53
46 50
46 1
46 93
46 65
46 62
46 21
46 18
46 13
46 83
46 68
46 46
46 34
46 26
46 85
46 17
46 5
46 79
46 73
46 72
46 69
46 45
46 33
46 31
46 30
46 25
46 91
46 64
46 54
46 41
46 84
46 82
46 81
46 80
46 78
46 77
46 76
28 99
28 63
28 56
28 32
28 29
28 11
28 3
28 87
28 53
28 50
28 1
28 93
28 65
28 62
28 21
28 18
28 13
28 83
28 68
28 46
28 34
28 26
28 85
28 17
28 5
28 79
28 73
28 72
28 69
28 45
28 33
28 31
28 30
28 25
28 91
28 75
28 74
28 71
28 70
28 67
28 66
28 64
28 61
28 60
28 59
77 99
77 63
77 56
77 32
77 29
77 11
77 3
77 87
77 53
77 50
77 1
77 93
77 65
77 62
77 21
77 18
77 13
77 83
77 68
77 46
77 34
77 26
77 85
77 17
77 5
77 79
77 73
77 72
77 69
77 58
77 57
77 55
77 54
77 52
77 51
77 49
77 48
77 47
77 45
77 44
31 99
31 63
31 56
31 32
31 29
31 11
31 3
31 87
31 53
31 50
31 1
31 93
31 65
31 62
31 21
31 18
31 13
31 83
31 68
31 46
31 34
31 26
31 85
31 43
31 42
31 41
31 40
31 39
31 38
31 37
31 36
31 35
31 33
31 31
31 30
31 28
31 27
31 25
31 24
31 23
60 99
60 63
60 56
60 32
60 29
60 11
60 3
60 87
60 53
60 50
60 1
60 93
60 65
60 62
60 21
60 18
60 13
60 83
60 68
60 46
60 34
60 26
60 22
60 20
60 19
60 17
60 16
60 15
60 14
60 12
60 10
60 9
60 8
60 7
60 6
60 5
60 4
60 2
60 100
14 99
14 63
14 56
14 32
14 29
14 11
14 3
14 87
14 53
14 50
14 1
14 93
14 65
14 62
14 21
14 18
14 13
14 98
14 97
14 96
14 95
14 94
14 92
14 91
14 90
14 89
14 88
14 86
14 85
14 84
14 83
14 82
14 81
14 80
14 79
14 78
14 77
14 76
14 75
36 99
36 63
36 56
36 32
36 29
36 11
36 3
36 87
36 53
36 50
36 1
36 93
36 74
36 73
36 72
36 71
36 70
36 69
36 68
36 67
36 66
36 65
36 64
36 62
36 61
36 60
36 59
36 58
36 57
36 55
36 54
36 52
36 51
36 49
36 48
36 47
36 46
36 45
85 99
85 63
85 56
85 32
85 29
85 11
85 3
85 87
85 53
85 50
85 44
85 43
85 42
85 41
85 40
85 39
85 38
85 37
85 36
85 35
85 34
85 33
85 31
85 30
85 28
85 27
85 26
85 25
85 24
85 23
85 22
85 21
85 20
98 99
98 63
98 56
98 32
98 29
98 19
98 18
98 17
98 16
98 15
98 14
98 13
98 12
98 11
98 10
98 9
98 8
98 7
98 6
98 5
98 4
98 3
98 2
98 1
